# JRE version: Java(TM) SE Runtime Environment (17.0.12+8) (build 17.0.12+8-LTS-286)
# Java VM: Java HotSpot(TM) 64-Bit Server VM (17.0.12+8-LTS-286, mixed mode, sharing, tiered, compressed oops, compressed class ptrs, g1 gc, windows-amd64)
GC Precious Log:
 CPUs: 8 total, 8 available
 Memory: 8062M
 Large Page Support: Disabled
 NUMA Support: Disabled
 Compressed Oops: Enabled (32-bit)
 Heap Region Size: 1M
 Heap Min Capacity: 8M
 Heap Initial Capacity: 126M
 Heap Max Capacity: 2016M
 Pre-touch: Disabled
 Parallel Workers: 8
 Concurrent Workers: 2
 Concurrent Refinement Workers: 8
 Periodic GC: Disabled
Heap:
 garbage-first heap   total 258048K, used 78833K [0x0000000082000000, 0x0000000100000000)
  region size 1024K, 19 young (19456K), 19 survivors (19456K)
 Metaspace       used 16637K, committed 16896K, reserved 1114112K
  class space    used 1894K, committed 2048K, reserved 1048576K
GC Heap History (19 events):
Event: 1.700 GC heap before
{Heap before GC invocations=0 (full 0):
 garbage-first heap   total 129024K, used 23552K [0x0000000082000000, 0x0000000100000000)
  region size 1024K, 23 young (23552K), 0 survivors (0K)
 Metaspace       used 6027K, committed 6208K, reserved 1114112K
  class space    used 773K, committed 896K, reserved 1048576K
}
Event: 1.713 GC heap after
{Heap after GC invocations=1 (full 0):
 garbage-first heap   total 129024K, used 8409K [0x0000000082000000, 0x0000000100000000)
  region size 1024K, 3 young (3072K), 3 survivors (3072K)
 Metaspace       used 6027K, committed 6208K, reserved 1114112K
  class space    used 773K, committed 896K, reserved 1048576K
}
Event: 2.292 GC heap before
{Heap before GC invocations=1 (full 0):
 garbage-first heap   total 129024K, used 27865K [0x0000000082000000, 0x0000000100000000)
  region size 1024K, 23 young (23552K), 3 survivors (3072K)
 Metaspace       used 9562K, committed 9728K, reserved 1114112K
  class space    used 1125K, committed 1216K, reserved 1048576K
}
Event: 2.301 GC heap after
{Heap after GC invocations=2 (full 0):
 garbage-first heap   total 129024K, used 10051K [0x0000000082000000, 0x0000000100000000)
  region size 1024K, 2 young (2048K), 2 survivors (2048K)
 Metaspace       used 9562K, committed 9728K, reserved 1114112K
  class space    used 1125K, committed 1216K, reserved 1048576K
}
Event: 2.483 GC heap before
{Heap before GC invocations=2 (full 0):
 garbage-first heap   total 129024K, used 53059K [0x0000000082000000, 0x0000000100000000)
  region size 1024K, 44 young (45056K), 2 survivors (2048K)
 Metaspace       used 9582K, committed 9792K, reserved 1114112K
  class space    used 1126K, committed 1216K, reserved 1048576K
}
Event: 2.495 GC heap after
{Heap after GC invocations=3 (full 0):
 garbage-first heap   total 129024K, used 11839K [0x0000000082000000, 0x0000000100000000)
  region size 1024K, 4 young (4096K), 4 survivors (4096K)
 Metaspace       used 9582K, committed 9792K, reserved 1114112K
  class space    used 1126K, committed 1216K, reserved 1048576K
}
Event: 2.740 GC heap before
{Heap before GC invocations=3 (full 0):
 garbage-first heap   total 129024K, used 84543K [0x0000000082000000, 0x0000000100000000)
  region size 1024K, 75 young (76800K), 4 survivors (4096K)
 Metaspace       used 9612K, committed 9792K, reserved 1114112K
  class space    used 1126K, committed 1216K, reserved 1048576K
}
Event: 2.765 GC heap after
{Heap after GC invocations=4 (full 0):
 garbage-first heap   total 129024K, used 17217K [0x0000000082000000, 0x0000000100000000)
  region size 1024K, 9 young (9216K), 9 survivors (9216K)
 Metaspace       used 9612K, committed 9792K, reserved 1114112K
  class space    used 1126K, committed 1216K, reserved 1048576K
}
Event: 2.873 GC heap before
{Heap before GC invocations=4 (full 0):
 garbage-first heap   total 129024K, used 85825K [0x0000000082000000, 0x0000000100000000)
  region size 1024K, 75 young (76800K), 9 survivors (9216K)
 Metaspace       used 9729K, committed 9920K, reserved 1114112K
  class space    used 1136K, committed 1216K, reserved 1048576K
}
Event: 2.901 GC heap after
{Heap after GC invocations=5 (full 0):
 garbage-first heap   total 129024K, used 21914K [0x0000000082000000, 0x0000000100000000)
  region size 1024K, 4 young (4096K), 4 survivors (4096K)
 Metaspace       used 9729K, committed 9920K, reserved 1114112K
  class space    used 1136K, committed 1216K, reserved 1048576K
}
Event: 2.962 GC heap before
{Heap before GC invocations=5 (full 0):
 garbage-first heap   total 129024K, used 93594K [0x0000000082000000, 0x0000000100000000)
  region size 1024K, 74 young (75776K), 4 survivors (4096K)
 Metaspace       used 9729K, committed 9920K, reserved 1114112K
  class space    used 1136K, committed 1216K, reserved 1048576K
}
Event: 2.990 GC heap after
{Heap after GC invocations=6 (full 0):
 garbage-first heap   total 258048K, used 25576K [0x0000000082000000, 0x0000000100000000)
  region size 1024K, 8 young (8192K), 8 survivors (8192K)
 Metaspace       used 9729K, committed 9920K, reserved 1114112K
  class space    used 1136K, committed 1216K, reserved 1048576K
}
Event: 3.310 GC heap before
{Heap before GC invocations=6 (full 0):
 garbage-first heap   total 258048K, used 174056K [0x0000000082000000, 0x0000000100000000)
  region size 1024K, 151 young (154624K), 8 survivors (8192K)
 Metaspace       used 9734K, committed 9920K, reserved 1114112K
  class space    used 1137K, committed 1216K, reserved 1048576K
}
Event: 3.333 GC heap after
{Heap after GC invocations=7 (full 0):
 garbage-first heap   total 258048K, used 36684K [0x0000000082000000, 0x0000000100000000)
  region size 1024K, 17 young (17408K), 17 survivors (17408K)
 Metaspace       used 9734K, committed 9920K, reserved 1114112K
  class space    used 1137K, committed 1216K, reserved 1048576K
}
Event: 3.453 GC heap before
{Heap before GC invocations=7 (full 0):
 garbage-first heap   total 258048K, used 173900K [0x0000000082000000, 0x0000000100000000)
  region size 1024K, 151 young (154624K), 17 survivors (17408K)
 Metaspace       used 9739K, committed 9920K, reserved 1114112K
  class space    used 1137K, committed 1216K, reserved 1048576K
}
Event: 3.482 GC heap after
{Heap after GC invocations=8 (full 0):
 garbage-first heap   total 258048K, used 43499K [0x0000000082000000, 0x0000000100000000)
  region size 1024K, 16 young (16384K), 16 survivors (16384K)
 Metaspace       used 9739K, committed 9920K, reserved 1114112K
  class space    used 1137K, committed 1216K, reserved 1048576K
}
Event: 3.643 GC heap before
{Heap before GC invocations=8 (full 0):
 garbage-first heap   total 258048K, used 184811K [0x0000000082000000, 0x0000000100000000)
  region size 1024K, 151 young (154624K), 16 survivors (16384K)
 Metaspace       used 9743K, committed 9920K, reserved 1114112K
  class space    used 1137K, committed 1216K, reserved 1048576K
}
Event: 3.678 GC heap after
{Heap after GC invocations=9 (full 0):
 garbage-first heap   total 258048K, used 53097K [0x0000000082000000, 0x0000000100000000)
  region size 1024K, 13 young (13312K), 13 survivors (13312K)
 Metaspace       used 9743K, committed 9920K, reserved 1114112K
  class space    used 1137K, committed 1216K, reserved 1048576K
}
Event: 6.817 GC heap before
{Heap before GC invocations=9 (full 0):
 garbage-first heap   total 258048K, used 193385K [0x0000000082000000, 0x0000000100000000)
  region size 1024K, 151 young (154624K), 13 survivors (13312K)
 Metaspace       used 16637K, committed 16896K, reserved 1114112K
  class space    used 1894K, committed 2048K, reserved 1048576K
}

